<?xml version="1.0" encoding="UTF-8"?>
<!-- Generated by org.testng.reporters.JUnitReportReporter -->
<testsuite hostname="QT-INNO-LT1579" failures="0" tests="7" name="E_Com.Tests.SubmitOrderTest" time="90.823" errors="0" timestamp="2023-03-22T16:38:53 IST" skipped="0">
  <testcase classname="E_Com.Tests.SubmitOrderTest" name="submitOrder" time="6.123"/>
  <system-out/>
  <testcase classname="E_Com.Tests.SubmitOrderTest" name="submitOrderWithJsonData" time="22.330"/>
  <system-out/>
  <testcase classname="E_Com.Tests.SubmitOrderTest" name="submitOrder" time="21.934"/>
  <system-out/>
  <testcase classname="E_Com.Tests.SubmitOrderTest" name="submitOrderNew" time="22.572"/>
  <system-out/>
  <testcase classname="E_Com.Tests.SubmitOrderTest" name="submitOrderWithJsonData" time="6.481"/>
  <system-out/>
  <testcase classname="E_Com.Tests.SubmitOrderTest" name="submitOrderNew" time="8.539"/>
  <system-out/>
  <testcase classname="E_Com.Tests.SubmitOrderTest" name="orderHistoryTest" time="2.844"/>
  <system-out/>
</testsuite> <!-- E_Com.Tests.SubmitOrderTest -->
