<?xml version="1.0" encoding="UTF-8"?>
<!-- Generated by org.testng.reporters.JUnitReportReporter -->
<testsuite hostname="QT-INNO-LT1579" failures="0" tests="1" name="E_Com.Tests.StandaloneTest" time="27.136" errors="0" timestamp="2023-03-21T17:05:01 IST" skipped="0">
  <testcase classname="E_Com.Tests.StandaloneTest" name="submitOrder" time="27.136"/>
  <system-out/>
</testsuite> <!-- E_Com.Tests.StandaloneTest -->
