<?xml version="1.0" encoding="UTF-8"?>
<!-- Generated by org.testng.reporters.JUnitReportReporter -->
<testsuite hostname="QT-INNO-LT1579" failures="0" tests="3" name="dataProvider.excelDataProvider.dataProvide" time="0.010" errors="0" timestamp="2023-03-24T12:05:02 IST" skipped="0">
  <testcase classname="dataProvider.excelDataProvider.dataProvide" name="testCaseData" time="0.001"/>
  <system-out/>
  <testcase classname="dataProvider.excelDataProvider.dataProvide" name="testCaseData" time="0.008"/>
  <system-out/>
  <testcase classname="dataProvider.excelDataProvider.dataProvide" name="testCaseData" time="0.001"/>
  <system-out/>
</testsuite> <!-- dataProvider.excelDataProvider.dataProvide -->
