<?xml version="1.0" encoding="UTF-8"?>
<!-- Generated by org.testng.reporters.JUnitReportReporter -->
<testsuite hostname="QT-INNO-LT1579" failures="0" tests="1" name="E_Com.Tests.ErrorValidationsTest" time="4.611" errors="0" timestamp="2023-03-23T13:00:10 IST" skipped="0">
  <testcase classname="E_Com.Tests.ErrorValidationsTest" name="loginErrorValidation" time="4.611"/>
  <system-out/>
</testsuite> <!-- E_Com.Tests.ErrorValidationsTest -->
