<?xml version="1.0" encoding="UTF-8"?>
<!-- Generated by org.testng.reporters.JUnitReportReporter -->
<testsuite hostname="QT-INNO-LT1579" failures="0" tests="2" name="E_Com.Tests.SubmitOrderTest" time="46.076" errors="0" timestamp="2023-03-23T12:32:01 IST" skipped="0">
  <testcase classname="E_Com.Tests.SubmitOrderTest" name="submitOrderWithJsonData" time="23.817"/>
  <system-out/>
  <testcase classname="E_Com.Tests.SubmitOrderTest" name="submitOrderWithJsonData" time="22.259"/>
  <system-out/>
</testsuite> <!-- E_Com.Tests.SubmitOrderTest -->
