<?xml version="1.0" encoding="UTF-8"?>
<!-- Generated by org.testng.reporters.JUnitReportReporter -->
<testsuite hostname="QT-INNO-LT1579" failures="0" tests="1" name="Reports.ExtentReports.ExtentReportDemo" time="8.387" errors="0" timestamp="2023-03-22T14:02:11 IST" skipped="0">
  <testcase classname="Reports.ExtentReports.ExtentReportDemo" name="initialDemo" time="8.387"/>
  <system-out/>
</testsuite> <!-- Reports.ExtentReports.ExtentReportDemo -->
